# JRE version: Java(TM) SE Runtime Environment (17.0.1+12) (build 17.0.1+12-LTS-39)
# Java VM: Java HotSpot(TM) 64-Bit Server VM (17.0.1+12-LTS-39, mixed mode, sharing, tiered, compressed oops, compressed class ptrs, g1 gc, windows-amd64)
GC Precious Log:
 CPUs: 8 total, 8 available
 Memory: 16106M
 Large Page Support: Disabled
 NUMA Support: Disabled
 Compressed Oops: Enabled (Zero based)
 Heap Region Size: 2M
 Heap Min Capacity: 8M
 Heap Initial Capacity: 252M
 Heap Max Capacity: 4028M
 Pre-touch: Disabled
 Parallel Workers: 8
 Concurrent Workers: 2
 Concurrent Refinement Workers: 8
 Periodic GC: Disabled
Heap:
 garbage-first heap   total 75776K, used 44341K [0x0000000704400000, 0x0000000800000000)
  region size 2048K, 10 young (20480K), 3 survivors (6144K)
 Metaspace       used 69341K, committed 69824K, reserved 1114112K
  class space    used 9282K, committed 9536K, reserved 1048576K
GC Heap History (20 events):
Event: 2.979 GC heap before
{Heap before GC invocations=7 (full 0):
 garbage-first heap   total 55296K, used 34969K [0x0000000704400000, 0x0000000800000000)
  region size 2048K, 12 young (24576K), 2 survivors (4096K)
 Metaspace       used 29349K, committed 29696K, reserved 1081344K
  class space    used 3825K, committed 3968K, reserved 1048576K
}
Event: 2.981 GC heap after
{Heap after GC invocations=8 (full 0):
 garbage-first heap   total 55296K, used 16588K [0x0000000704400000, 0x0000000800000000)
  region size 2048K, 1 young (2048K), 1 survivors (2048K)
 Metaspace       used 29349K, committed 29696K, reserved 1081344K
  class space    used 3825K, committed 3968K, reserved 1048576K
}
Event: 3.036 GC heap before
{Heap before GC invocations=8 (full 0):
 garbage-first heap   total 55296K, used 35020K [0x0000000704400000, 0x0000000800000000)
  region size 2048K, 11 young (22528K), 1 survivors (2048K)
 Metaspace       used 29906K, committed 30144K, reserved 1081344K
  class space    used 3876K, committed 3968K, reserved 1048576K
}
Event: 3.037 GC heap after
{Heap after GC invocations=9 (full 0):
 garbage-first heap   total 55296K, used 16851K [0x0000000704400000, 0x0000000800000000)
  region size 2048K, 1 young (2048K), 1 survivors (2048K)
 Metaspace       used 29906K, committed 30144K, reserved 1081344K
  class space    used 3876K, committed 3968K, reserved 1048576K
}
Event: 3.054 GC heap before
{Heap before GC invocations=9 (full 0):
 garbage-first heap   total 55296K, used 35283K [0x0000000704400000, 0x0000000800000000)
  region size 2048K, 11 young (22528K), 1 survivors (2048K)
 Metaspace       used 29921K, committed 30144K, reserved 1081344K
  class space    used 3877K, committed 3968K, reserved 1048576K
}
Event: 3.055 GC heap after
{Heap after GC invocations=10 (full 0):
 garbage-first heap   total 157696K, used 16963K [0x0000000704400000, 0x0000000800000000)
  region size 2048K, 1 young (2048K), 1 survivors (2048K)
 Metaspace       used 29921K, committed 30144K, reserved 1081344K
  class space    used 3877K, committed 3968K, reserved 1048576K
}
Event: 3.574 GC heap before
{Heap before GC invocations=10 (full 0):
 garbage-first heap   total 157696K, used 64067K [0x0000000704400000, 0x0000000800000000)
  region size 2048K, 26 young (53248K), 1 survivors (2048K)
 Metaspace       used 35786K, committed 36096K, reserved 1081344K
  class space    used 4822K, committed 4992K, reserved 1048576K
}
Event: 3.577 GC heap after
{Heap after GC invocations=11 (full 0):
 garbage-first heap   total 157696K, used 18350K [0x0000000704400000, 0x0000000800000000)
  region size 2048K, 1 young (2048K), 1 survivors (2048K)
 Metaspace       used 35786K, committed 36096K, reserved 1081344K
  class space    used 4822K, committed 4992K, reserved 1048576K
}
Event: 4.141 GC heap before
{Heap before GC invocations=12 (full 0):
 garbage-first heap   total 75776K, used 61358K [0x0000000704400000, 0x0000000800000000)
  region size 2048K, 22 young (45056K), 1 survivors (2048K)
 Metaspace       used 46960K, committed 47360K, reserved 1097728K
  class space    used 6221K, committed 6400K, reserved 1048576K
}
Event: 4.144 GC heap after
{Heap after GC invocations=13 (full 0):
 garbage-first heap   total 75776K, used 21684K [0x0000000704400000, 0x0000000800000000)
  region size 2048K, 3 young (6144K), 3 survivors (6144K)
 Metaspace       used 46960K, committed 47360K, reserved 1097728K
  class space    used 6221K, committed 6400K, reserved 1048576K
}
Event: 4.703 GC heap before
{Heap before GC invocations=13 (full 0):
 garbage-first heap   total 75776K, used 56500K [0x0000000704400000, 0x0000000800000000)
  region size 2048K, 20 young (40960K), 3 survivors (6144K)
 Metaspace       used 54115K, committed 54464K, reserved 1097728K
  class space    used 7286K, committed 7424K, reserved 1048576K
}
Event: 4.707 GC heap after
{Heap after GC invocations=14 (full 0):
 garbage-first heap   total 75776K, used 23544K [0x0000000704400000, 0x0000000800000000)
  region size 2048K, 2 young (4096K), 2 survivors (4096K)
 Metaspace       used 54115K, committed 54464K, reserved 1097728K
  class space    used 7286K, committed 7424K, reserved 1048576K
}
Event: 5.103 GC heap before
{Heap before GC invocations=14 (full 0):
 garbage-first heap   total 75776K, used 56312K [0x0000000704400000, 0x0000000800000000)
  region size 2048K, 18 young (36864K), 2 survivors (4096K)
 Metaspace       used 58410K, committed 58880K, reserved 1105920K
  class space    used 7840K, committed 8064K, reserved 1048576K
}
Event: 5.105 GC heap after
{Heap after GC invocations=15 (full 0):
 garbage-first heap   total 75776K, used 25159K [0x0000000704400000, 0x0000000800000000)
  region size 2048K, 2 young (4096K), 2 survivors (4096K)
 Metaspace       used 58410K, committed 58880K, reserved 1105920K
  class space    used 7840K, committed 8064K, reserved 1048576K
}
Event: 5.327 GC heap before
{Heap before GC invocations=15 (full 0):
 garbage-first heap   total 75776K, used 45639K [0x0000000704400000, 0x0000000800000000)
  region size 2048K, 13 young (26624K), 2 survivors (4096K)
 Metaspace       used 60327K, committed 60736K, reserved 1105920K
  class space    used 8114K, committed 8320K, reserved 1048576K
}
Event: 5.331 GC heap after
{Heap after GC invocations=16 (full 0):
 garbage-first heap   total 75776K, used 26516K [0x0000000704400000, 0x0000000800000000)
  region size 2048K, 2 young (4096K), 2 survivors (4096K)
 Metaspace       used 60327K, committed 60736K, reserved 1105920K
  class space    used 8114K, committed 8320K, reserved 1048576K
}
Event: 5.815 GC heap before
{Heap before GC invocations=17 (full 0):
 garbage-first heap   total 75776K, used 57236K [0x0000000704400000, 0x0000000800000000)
  region size 2048K, 17 young (34816K), 2 survivors (4096K)
 Metaspace       used 64278K, committed 64704K, reserved 1105920K
  class space    used 8677K, committed 8896K, reserved 1048576K
}
Event: 5.818 GC heap after
{Heap after GC invocations=18 (full 0):
 garbage-first heap   total 75776K, used 28828K [0x0000000704400000, 0x0000000800000000)
  region size 2048K, 3 young (6144K), 3 survivors (6144K)
 Metaspace       used 64278K, committed 64704K, reserved 1105920K
  class space    used 8677K, committed 8896K, reserved 1048576K
}
Event: 26.909 GC heap before
{Heap before GC invocations=18 (full 0):
 garbage-first heap   total 75776K, used 55452K [0x0000000704400000, 0x0000000800000000)
  region size 2048K, 17 young (34816K), 3 survivors (6144K)
 Metaspace       used 69239K, committed 69760K, reserved 1114112K
  class space    used 9281K, committed 9536K, reserved 1048576K
}
Event: 26.915 GC heap after
{Heap after GC invocations=19 (full 0):
 garbage-first heap   total 75776K, used 32053K [0x0000000704400000, 0x0000000800000000)
  region size 2048K, 3 young (6144K), 3 survivors (6144K)
 Metaspace       used 69239K, committed 69760K, reserved 1114112K
  class space    used 9281K, committed 9536K, reserved 1048576K
}

